INFO: 2022-12-06 20:18:49,966: main() 'Using profile folder /home/shaduwu/.config/variety/'
INFO: 2022-12-06 20:18:49,969: perform_upgrade() 'Last run version was 0.8.9 or earlier, current version is 0.8.9'
INFO: 2022-12-06 20:18:50,091: process_command() 'Received command: ['--profile', '/home/shaduwu/.config/variety/']'
INFO: 2022-12-06 20:18:50,094: start() 'Using data_path /usr/share/variety'
INFO: 2022-12-06 20:18:50,094: load() 'Jumble loading'
INFO: 2022-12-06 20:18:50,094: _walk_modules() 'Jumble loading module in __init__ from /usr/lib/python3.10/site-packages/variety/plugins/builtin/__init__.py'
INFO: 2022-12-06 20:18:50,095: _walk_modules() 'Jumble loading module in LegacyDisplayModesPlugin from /usr/lib/python3.10/site-packages/variety/plugins/builtin/display_modes/LegacyDisplayModesPlugin.py'
INFO: 2022-12-06 20:18:50,096: load() 'Jumble found plugin class: <class 'LegacyDisplayModesPlugin.LegacyDisplayModesPlugin'>: {'name': 'LegacyDisplayModesPlugin', 'description': 'Legacy display mode for compatibility with past Variety versions', 'version': '1.0', 'author': 'Peter Levi'}'
INFO: 2022-12-06 20:18:50,096: _walk_modules() 'Jumble loading module in GnomeDisplayModesPlugin from /usr/lib/python3.10/site-packages/variety/plugins/builtin/display_modes/GnomeDisplayModesPlugin.py'
INFO: 2022-12-06 20:18:50,096: load() 'Jumble found plugin class: <class 'GnomeDisplayModesPlugin.GnomeDisplayModesPlugin'>: {'name': 'GnomeDisplayModesPlugin', 'description': 'Display modes relying on the underlying desktop environment', 'version': '1.0', 'author': 'Peter Levi'}'
INFO: 2022-12-06 20:18:50,096: _walk_modules() 'Jumble loading module in __init__ from /usr/lib/python3.10/site-packages/variety/plugins/builtin/display_modes/__init__.py'
INFO: 2022-12-06 20:18:50,097: _walk_modules() 'Jumble loading module in ResizingDisplayModesPlugin from /usr/lib/python3.10/site-packages/variety/plugins/builtin/display_modes/ResizingDisplayModesPlugin.py'
INFO: 2022-12-06 20:18:50,097: load() 'Jumble found plugin class: <class 'ResizingDisplayModesPlugin.ResizingDisplayModesPlugin'>: {'name': 'ResizingDisplayModesPlugin', 'description': 'Display modes that use image resizing within Variety', 'version': '1.0', 'author': 'Peter Levi'}'
INFO: 2022-12-06 20:18:50,098: _walk_modules() 'Jumble loading module in LocalFilesSource from /usr/lib/python3.10/site-packages/variety/plugins/builtin/quotes/LocalFilesSource.py'
INFO: 2022-12-06 20:18:50,099: load() 'Jumble found plugin class: <class 'LocalFilesSource.LocalFilesSource'>: {'name': 'Local text files', 'description': 'Displays quotes, defined in local text files.\nPut your own txt files in: /home/shaduwu/.config/variety/pluginconfig/quotes/.\nThe file format is:\n\nquote -- author\n.\nsecond quote -- another author\n.\netc...\n\nExample: http://rvelthuis.de/zips/quotes.txt', 'author': 'Peter Levi', 'version': '0.1'}'
INFO: 2022-12-06 20:18:50,103: _walk_modules() 'Jumble loading module in QuotationsPageSource from /usr/lib/python3.10/site-packages/variety/plugins/builtin/quotes/QuotationsPageSource.py'
INFO: 2022-12-06 20:18:50,113: load() 'Jumble found plugin class: <class 'QuotationsPageSource.QuotationsPageSource'>: {'name': 'TheQuotationsPage.com', 'description': 'Fetches quotes from TheQuotationsPage.com', 'author': 'Peter Levi', 'version': '0.1'}'
INFO: 2022-12-06 20:18:50,113: _walk_modules() 'Jumble loading module in __init__ from /usr/lib/python3.10/site-packages/variety/plugins/builtin/quotes/__init__.py'
INFO: 2022-12-06 20:18:50,114: _walk_modules() 'Jumble loading module in GoodreadsSource from /usr/lib/python3.10/site-packages/variety/plugins/builtin/quotes/GoodreadsSource.py'
INFO: 2022-12-06 20:18:50,114: load() 'Jumble found plugin class: <class 'GoodreadsSource.GoodreadsSource'>: {'name': 'Goodreads', 'description': 'Fetches quotes from Goodreads.com', 'author': 'Peter Levi', 'version': '0.1'}'
INFO: 2022-12-06 20:18:50,115: _walk_modules() 'Jumble loading module in FortuneSource from /usr/lib/python3.10/site-packages/variety/plugins/builtin/quotes/FortuneSource.py'
INFO: 2022-12-06 20:18:50,116: load() 'Jumble found plugin class: <class 'FortuneSource.FortuneSource'>: {'name': 'UNIX fortune program', 'description': 'Displays quotes using the UNIX fortune program. You may want to install additional fortune packs, e.g. fortunes-bofh-excuses.', 'author': 'Dan Jones', 'version': '0.1'}'
INFO: 2022-12-06 20:18:50,116: _walk_modules() 'Jumble loading module in UrbanDictionarySource from /usr/lib/python3.10/site-packages/variety/plugins/builtin/quotes/UrbanDictionarySource.py'
INFO: 2022-12-06 20:18:50,116: load() 'Jumble found plugin class: <class 'UrbanDictionarySource.UrbanDictionarySource'>: {'name': 'Urban Dictionary', 'description': 'Displays definitions from Urban Dictionary', 'author': 'James Miller', 'version': '0.1'}'
INFO: 2022-12-06 20:18:50,117: _walk_modules() 'Jumble loading module in RedditDownloader from /usr/lib/python3.10/site-packages/variety/plugins/builtin/downloaders/RedditDownloader.py'
INFO: 2022-12-06 20:18:50,119: _walk_modules() 'Jumble loading module in APODDownloader from /usr/lib/python3.10/site-packages/variety/plugins/builtin/downloaders/APODDownloader.py'
INFO: 2022-12-06 20:18:50,119: load() 'Jumble found plugin class: <class 'APODDownloader.APODDownloader'>: {'name': 'APODDownloader', 'description': 'NASA Astro Pic of the Day', 'author': 'Peter Levi', 'version': '0.1'}'
INFO: 2022-12-06 20:18:50,120: _walk_modules() 'Jumble loading module in BingDownloader from /usr/lib/python3.10/site-packages/variety/plugins/builtin/downloaders/BingDownloader.py'
INFO: 2022-12-06 20:18:50,120: load() 'Jumble found plugin class: <class 'BingDownloader.BingDownloader'>: {'name': 'BingDownloader', 'description': 'Bing Photo of the Day', 'author': 'Peter Levi', 'version': '0.1'}'
INFO: 2022-12-06 20:18:50,121: _walk_modules() 'Jumble loading module in RedditSource from /usr/lib/python3.10/site-packages/variety/plugins/builtin/downloaders/RedditSource.py'
INFO: 2022-12-06 20:18:50,122: load() 'Jumble found plugin class: <class 'RedditSource.RedditSource'>: {'name': 'RedditSource', 'description': 'Configurable source for fetching images from Reddit', 'author': 'Peter Levi', 'version': '0.1'}'
INFO: 2022-12-06 20:18:50,122: _walk_modules() 'Jumble loading module in UnsplashConfigurableSource from /usr/lib/python3.10/site-packages/variety/plugins/builtin/downloaders/UnsplashConfigurableSource.py'
INFO: 2022-12-06 20:18:50,123: load() 'Jumble found plugin class: <class 'UnsplashConfigurableSource.UnsplashConfigurableSource'>: {'name': 'UnsplashConfigurableSource', 'description': 'Configurable source for fetching photos from Unsplash.com', 'author': 'Peter Levi', 'version': '0.1'}'
INFO: 2022-12-06 20:18:50,124: _walk_modules() 'Jumble loading module in __init__ from /usr/lib/python3.10/site-packages/variety/plugins/builtin/downloaders/__init__.py'
INFO: 2022-12-06 20:18:50,124: _walk_modules() 'Jumble loading module in ArtStationDownloader from /usr/lib/python3.10/site-packages/variety/plugins/builtin/downloaders/ArtStationDownloader.py'
INFO: 2022-12-06 20:18:50,125: _walk_modules() 'Jumble loading module in MediaRSSSource from /usr/lib/python3.10/site-packages/variety/plugins/builtin/downloaders/MediaRSSSource.py'
INFO: 2022-12-06 20:18:50,126: load() 'Jumble found plugin class: <class 'MediaRSSSource.MediaRSSSource'>: {'name': 'MediaRSSSource', 'description': 'Configurable source for fetching images from MediaRSS feeds', 'author': 'Peter Levi', 'version': '0.1'}'
INFO: 2022-12-06 20:18:50,126: _walk_modules() 'Jumble loading module in WallhavenDownloader from /usr/lib/python3.10/site-packages/variety/plugins/builtin/downloaders/WallhavenDownloader.py'
INFO: 2022-12-06 20:18:50,127: _walk_modules() 'Jumble loading module in WallhavenSource from /usr/lib/python3.10/site-packages/variety/plugins/builtin/downloaders/WallhavenSource.py'
INFO: 2022-12-06 20:18:50,128: load() 'Jumble found plugin class: <class 'WallhavenSource.WallhavenSource'>: {'name': 'WallhavenSource', 'description': 'Configurable source for fetching images from Wallhaven.cc', 'author': 'Peter Levi', 'version': '0.1'}'
INFO: 2022-12-06 20:18:50,128: _walk_modules() 'Jumble loading module in WallhavenLegacyDownloader from /usr/lib/python3.10/site-packages/variety/plugins/builtin/downloaders/WallhavenLegacyDownloader.py'
INFO: 2022-12-06 20:18:50,129: _walk_modules() 'Jumble loading module in UnsplashDownloader from /usr/lib/python3.10/site-packages/variety/plugins/builtin/downloaders/UnsplashDownloader.py'
INFO: 2022-12-06 20:18:50,129: load() 'Jumble found plugin class: <class 'UnsplashDownloader.UnsplashDownloader'>: {'name': 'UnsplashDownloader', 'description': 'High-resolution photos from Unsplash.com', 'author': 'Peter Levi', 'version': '0.1'}'
INFO: 2022-12-06 20:18:50,129: _walk_modules() 'Jumble loading module in NationalGeographicDownloader from /usr/lib/python3.10/site-packages/variety/plugins/builtin/downloaders/NationalGeographicDownloader.py'
INFO: 2022-12-06 20:18:50,130: load() 'Jumble found plugin class: <class 'NationalGeographicDownloader.NationalGeographicDownloader'>: {'name': 'NationalGeographicDownloader', 'description': "National Geographic's photo of the day", 'author': 'Eric Rösch', 'version': '0.1'}'
INFO: 2022-12-06 20:18:50,130: _walk_modules() 'Jumble loading module in EarthviewDownloader from /usr/lib/python3.10/site-packages/variety/plugins/builtin/downloaders/EarthviewDownloader.py'
INFO: 2022-12-06 20:18:50,131: load() 'Jumble found plugin class: <class 'EarthviewDownloader.EarthviewDownloader'>: {'name': 'EarthviewDownloader', 'description': 'Google Earth View Wallpapers', 'author': 'Peter Levi', 'version': '0.1'}'
INFO: 2022-12-06 20:18:50,131: _walk_modules() 'Jumble loading module in MediaRSSDownloader from /usr/lib/python3.10/site-packages/variety/plugins/builtin/downloaders/MediaRSSDownloader.py'
INFO: 2022-12-06 20:18:50,132: _walk_modules() 'Jumble loading module in ArtStationSource from /usr/lib/python3.10/site-packages/variety/plugins/builtin/downloaders/ArtStationSource.py'
INFO: 2022-12-06 20:18:50,132: load() 'Jumble found plugin class: <class 'ArtStationSource.ArtStationSource'>: {'name': 'ArtStationSource', 'description': 'Configurable source for fetching images from ArtStation', 'author': 'Denis Gordeev', 'version': '0.1'}'
ERROR: 2022-12-06 20:18:50,133: get_xdg_pictures_folder() 'Could not get path to Pictures folder. Defaulting to ~/Pictures.'
Traceback (most recent call last):
  File "/usr/lib/python3.10/site-packages/variety/Util.py", line 815, in get_xdg_pictures_folder
    raise Exception("Could not get path to Pictures folder. Defaulting to ~/Pictures.")
Exception: Could not get path to Pictures folder. Defaulting to ~/Pictures.
ERROR: 2022-12-06 20:18:50,136: get_xdg_pictures_folder() 'Could not get path to Pictures folder. Defaulting to ~/Pictures.'
Traceback (most recent call last):
  File "/usr/lib/python3.10/site-packages/variety/Util.py", line 815, in get_xdg_pictures_folder
    raise Exception("Could not get path to Pictures folder. Defaulting to ~/Pictures.")
Exception: Could not get path to Pictures folder. Defaulting to ~/Pictures.
INFO: 2022-12-06 20:18:50,149: reload_config() 'Creating new downloader for type wallhaven, location Samurai'
INFO: 2022-12-06 20:18:50,150: log_options() 'Loaded options:'
INFO: 2022-12-06 20:18:50,150: log_options() 'change_enabled = False'
INFO: 2022-12-06 20:18:50,150: log_options() 'change_interval = 300'
INFO: 2022-12-06 20:18:50,150: log_options() 'change_on_start = False'
INFO: 2022-12-06 20:18:50,150: log_options() 'clipboard_enabled = False'
INFO: 2022-12-06 20:18:50,150: log_options() 'clipboard_hosts = ['wallhaven.cc', 'wallpapers.net', 'flickr.com', 'imgur.com', 'deviantart.com', 'interfacelift.com', 'vladstudio.com', 'imageshack.us', 'deviantart.net', 'imageshack.com']'
INFO: 2022-12-06 20:18:50,150: log_options() 'clipboard_use_whitelist = True'
INFO: 2022-12-06 20:18:50,150: log_options() 'clock_date_font = Serif 30'
INFO: 2022-12-06 20:18:50,150: log_options() 'clock_enabled = False'
INFO: 2022-12-06 20:18:50,150: log_options() 'clock_filter = -density 100 -font `fc-match -f '%{file[0]}' '%CLOCK_FONT_NAME'` -pointsize %CLOCK_FONT_SIZE -gravity SouthEast -fill '#00000044' -annotate 0x0+[%HOFFSET+58]+[%VOFFSET+108] '%H:%M' -fill white -annotate 0x0+[%HOFFSET+60]+[%VOFFSET+110] '%H:%M' -font `fc-match -f '%{file[0]}' '%DATE_FONT_NAME'` -pointsize %DATE_FONT_SIZE -fill '#00000044' -annotate 0x0+[%HOFFSET+58]+[%VOFFSET+58] '%A, %B %d' -fill white -annotate 0x0+[%HOFFSET+60]+[%VOFFSET+60] '%A, %B %d''
INFO: 2022-12-06 20:18:50,150: log_options() 'clock_font = Serif 70'
INFO: 2022-12-06 20:18:50,150: log_options() 'configfile = /home/shaduwu/.config/variety/variety.conf'
INFO: 2022-12-06 20:18:50,150: log_options() 'copyto_enabled = False'
INFO: 2022-12-06 20:18:50,150: log_options() 'copyto_folder = Default'
INFO: 2022-12-06 20:18:50,150: log_options() 'desired_color = [119, 118, 123]'
INFO: 2022-12-06 20:18:50,150: log_options() 'desired_color_enabled = True'
INFO: 2022-12-06 20:18:50,150: log_options() 'download_folder = /home/shaduwu/.config/variety/Downloaded'
INFO: 2022-12-06 20:18:50,150: log_options() 'download_preference_ratio = 0.9'
INFO: 2022-12-06 20:18:50,150: log_options() 'favorites_folder = /home/shaduwu/.config/variety/Favorites'
INFO: 2022-12-06 20:18:50,150: log_options() 'favorites_operations = [['Downloaded', 'Copy'], ['Fetched', 'Move'], ['Others', 'Copy']]'
INFO: 2022-12-06 20:18:50,150: log_options() 'fetched_folder = /home/shaduwu/.config/variety/Fetched'
INFO: 2022-12-06 20:18:50,150: log_options() 'filters = [[False, 'Keep original', ''], [True, 'Grayscale', '-type Grayscale'], [False, 'Heavy blur', '-scale 20% -blur 0x10 -resize 500%'], [False, 'Soft blur', '-scale 20% -blur 0x2 -resize 500%'], [False, 'Oil painting', '-paint 8'], [False, 'Pointilism', '-spread 10 -noise 3'], [False, 'Pixellate', '-scale 3% -scale 3333%']]'
INFO: 2022-12-06 20:18:50,150: log_options() 'get_wallpaper_script = /home/shaduwu/.config/variety/scripts/get_wallpaper'
INFO: 2022-12-06 20:18:50,150: log_options() 'icon = Light'
INFO: 2022-12-06 20:18:50,150: log_options() 'internet_enabled = True'
INFO: 2022-12-06 20:18:50,150: log_options() 'lightness_enabled = True'
INFO: 2022-12-06 20:18:50,150: log_options() 'lightness_mode = 0'
INFO: 2022-12-06 20:18:50,150: log_options() 'min_rating = 4'
INFO: 2022-12-06 20:18:50,150: log_options() 'min_rating_enabled = False'
INFO: 2022-12-06 20:18:50,150: log_options() 'min_size = 80'
INFO: 2022-12-06 20:18:50,150: log_options() 'min_size_enabled = False'
INFO: 2022-12-06 20:18:50,150: log_options() 'quota_enabled = True'
INFO: 2022-12-06 20:18:50,150: log_options() 'quota_size = 1000'
INFO: 2022-12-06 20:18:50,150: log_options() 'quotes_authors = '
INFO: 2022-12-06 20:18:50,150: log_options() 'quotes_bg_color = [80, 80, 80]'
INFO: 2022-12-06 20:18:50,150: log_options() 'quotes_bg_opacity = 55'
INFO: 2022-12-06 20:18:50,150: log_options() 'quotes_change_enabled = False'
INFO: 2022-12-06 20:18:50,150: log_options() 'quotes_change_interval = 300'
INFO: 2022-12-06 20:18:50,151: log_options() 'quotes_disabled_sources = ['Urban Dictionary']'
INFO: 2022-12-06 20:18:50,151: log_options() 'quotes_enabled = False'
INFO: 2022-12-06 20:18:50,151: log_options() 'quotes_favorites_file = /home/shaduwu/.config/variety/favorite_quotes.txt'
INFO: 2022-12-06 20:18:50,151: log_options() 'quotes_font = Serif 30'
INFO: 2022-12-06 20:18:50,151: log_options() 'quotes_hpos = 100'
INFO: 2022-12-06 20:18:50,151: log_options() 'quotes_max_length = 250'
INFO: 2022-12-06 20:18:50,151: log_options() 'quotes_tags = '
INFO: 2022-12-06 20:18:50,151: log_options() 'quotes_text_color = [255, 255, 255]'
INFO: 2022-12-06 20:18:50,151: log_options() 'quotes_text_shadow = False'
INFO: 2022-12-06 20:18:50,151: log_options() 'quotes_vpos = 40'
INFO: 2022-12-06 20:18:50,151: log_options() 'quotes_width = 70'
INFO: 2022-12-06 20:18:50,151: log_options() 'safe_mode = False'
INFO: 2022-12-06 20:18:50,151: log_options() 'set_wallpaper_script = /home/shaduwu/.config/variety/scripts/set_wallpaper'
INFO: 2022-12-06 20:18:50,151: log_options() 'slideshow_custom_enabled = False'
INFO: 2022-12-06 20:18:50,151: log_options() 'slideshow_custom_folder = /home/shaduwu/Pictures'
INFO: 2022-12-06 20:18:50,151: log_options() 'slideshow_downloads_enabled = False'
INFO: 2022-12-06 20:18:50,151: log_options() 'slideshow_fade = 0.4'
INFO: 2022-12-06 20:18:50,151: log_options() 'slideshow_favorites_enabled = True'
INFO: 2022-12-06 20:18:50,151: log_options() 'slideshow_mode = Fullscreen'
INFO: 2022-12-06 20:18:50,151: log_options() 'slideshow_monitor = All'
INFO: 2022-12-06 20:18:50,151: log_options() 'slideshow_pan = 0.05'
INFO: 2022-12-06 20:18:50,151: log_options() 'slideshow_seconds = 6.0'
INFO: 2022-12-06 20:18:50,151: log_options() 'slideshow_sort_order = Random'
INFO: 2022-12-06 20:18:50,151: log_options() 'slideshow_sources_enabled = True'
INFO: 2022-12-06 20:18:50,151: log_options() 'slideshow_zoom = 0.2'
INFO: 2022-12-06 20:18:50,151: log_options() 'smart_enabled = False'
INFO: 2022-12-06 20:18:50,151: log_options() 'smart_notice_shown = False'
INFO: 2022-12-06 20:18:50,151: log_options() 'smart_register_shown = False'
INFO: 2022-12-06 20:18:50,151: log_options() 'sources = [[False, 'favorites', 'The Favorites folder'], [True, 'fetched', 'The Fetched folder'], [False, 'folder', '/usr/share/backgrounds'], [False, 'flickr', 'user:www.flickr.com/photos/peter-levi/;user_id:93647178@N00;'], [False, 'apod', "NASA's Astronomy Picture of the Day"], [False, 'bing', 'Bing Photo of the Day'], [False, 'earthview', 'Google Earth View Wallpapers'], [False, 'natgeo', "National Geographic's photo of the day"], [False, 'unsplash', 'High-resolution photos from Unsplash.com'], [True, 'wallhaven', 'Samurai']]'
INFO: 2022-12-06 20:18:50,151: log_options() 'stats_enabled = True'
INFO: 2022-12-06 20:18:50,151: log_options() 'stats_notice_shown = False'
INFO: 2022-12-06 20:18:50,151: log_options() 'sync_enabled = True'
INFO: 2022-12-06 20:18:50,151: log_options() 'use_landscape_enabled = True'
INFO: 2022-12-06 20:18:50,152: log_options() 'wallhaven_api_key = '
INFO: 2022-12-06 20:18:50,152: log_options() 'wallpaper_auto_rotate = False'
INFO: 2022-12-06 20:18:50,152: log_options() 'wallpaper_display_mode = os'
INFO: 2022-12-06 20:18:50,152: reload_config() 'No need to clear prepared queue'
INFO: 2022-12-06 20:18:50,152: update_indicator() 'Setting file info to: /home/shaduwu/.config/variety/Downloaded/wallhaven_Night/wallhaven-5d1yy9.jpg'
INFO: 2022-12-06 20:18:50,155: load_last_change_time() 'Change interval < 6 hours, ignore persisted last_change_time, wait initially the whole interval: 300'
INFO: 2022-12-06 20:18:50,155: update_indicator() 'Setting file info to: /home/shaduwu/.config/variety/Downloaded/wallhaven_Night/wallhaven-5d1yy9.jpg'
INFO: 2022-12-06 20:18:50,156: regular_change_thread() 'regular_change thread running'
INFO: 2022-12-06 20:18:50,156: regular_change_thread() 'regular_change: waiting till user resumes'
INFO: 2022-12-06 20:18:50,156: prepare_thread() 'Prepare thread running'
INFO: 2022-12-06 20:18:50,156: prepare_thread() 'Prepared buffer contains 0 images'
INFO: 2022-12-06 20:18:50,156: prepare_thread() 'Preparing some images'
INFO: 2022-12-06 20:18:50,157: update_indicator_icon() 'Creating indicator'
WARNING: 2022-12-06 20:18:50,166: create_menu() 'Variety Slideshow is not installed. This is an optional extension adding pan-and-zoom slideshows to Variety: see https://github.com/peterlevi/variety-slideshow for details'
INFO: 2022-12-06 20:18:50,167: create_indicator() 'indicator backend: AppIndicator3'
INFO: 2022-12-06 20:18:50,179: set_from_theme_icon() 'Showing indicator icon variety-indicator from GTK theme'
INFO: 2022-12-06 20:18:50,272: do_set_wp() 'Calling do_set_wp with /home/shaduwu/.config/variety/Downloaded/wallhaven_Night/wallhaven-5d1yy9.jpg, time: 1670347130.272052'
INFO: 2022-12-06 20:18:50,292: build_imagemagick_filter_cmd() 'Applying filter: -type Grayscale'
INFO: 2022-12-06 20:18:50,292: build_imagemagick_filter_cmd() 'ImageMagick filter cmd: convert /home/shaduwu/.config/variety/Downloaded/wallhaven_Night/wallhaven-5d1yy9.jpg -scale 1920x945^ -type Grayscale /home/shaduwu/.config/variety/wallpaper/wallpaper-filter-f0591c59c2abce2ccb69c485264b6f05.jpg'
INFO: 2022-12-06 20:18:50,647: update_indicator() 'Setting file info to: /home/shaduwu/.config/variety/Downloaded/wallhaven_Night/wallhaven-5d1yy9.jpg'
INFO: 2022-12-06 20:18:50,649: list_files() 'More than 1 files in the folders, stop listing'
INFO: 2022-12-06 20:18:51,660: reload() 'Reloading preferences dialog'
ERROR: 2022-12-06 20:18:51,660: get_xdg_pictures_folder() 'Could not get path to Pictures folder. Defaulting to ~/Pictures.'
Traceback (most recent call last):
  File "/usr/lib/python3.10/site-packages/variety/Util.py", line 815, in get_xdg_pictures_folder
    raise Exception("Could not get path to Pictures folder. Defaulting to ~/Pictures.")
Exception: Could not get path to Pictures folder. Defaulting to ~/Pictures.
ERROR: 2022-12-06 20:18:51,663: get_xdg_pictures_folder() 'Could not get path to Pictures folder. Defaulting to ~/Pictures.'
Traceback (most recent call last):
  File "/usr/lib/python3.10/site-packages/variety/Util.py", line 815, in get_xdg_pictures_folder
    raise Exception("Could not get path to Pictures folder. Defaulting to ~/Pictures.")
Exception: Could not get path to Pictures folder. Defaulting to ~/Pictures.
ERROR: 2022-12-06 20:18:51,666: get_xdg_pictures_folder() 'Could not get path to Pictures folder. Defaulting to ~/Pictures.'
Traceback (most recent call last):
  File "/usr/lib/python3.10/site-packages/variety/Util.py", line 815, in get_xdg_pictures_folder
    raise Exception("Could not get path to Pictures folder. Defaulting to ~/Pictures.")
Exception: Could not get path to Pictures folder. Defaulting to ~/Pictures.
ERROR: 2022-12-06 20:18:51,666: get_file_icon_name() 'Exception while obtaining folder icon for /home/shaduwu/Pictures:'
Traceback (most recent call last):
  File "/usr/lib/python3.10/site-packages/variety/Util.py", line 800, in get_file_icon_name
    query_info = f.query_info("standard::icon", Gio.FileQueryInfoFlags.NONE, None)
gi.repository.GLib.GError: g-io-error-quark: Error when getting information for file “/home/shaduwu/Pictures”: No such file or directory (1)
ERROR: 2022-12-06 20:18:51,668: get_file_icon_name() 'Exception while obtaining folder icon for /home/shaduwu/Pictures:'
Traceback (most recent call last):
  File "/usr/lib/python3.10/site-packages/variety/Util.py", line 800, in get_file_icon_name
    query_info = f.query_info("standard::icon", Gio.FileQueryInfoFlags.NONE, None)
gi.repository.GLib.GError: g-io-error-quark: Error when getting information for file “/home/shaduwu/Pictures”: No such file or directory (1)
WARNING: 2022-12-06 20:18:54,065: image_ok() 'Error in image_ok for file /home/shaduwu/.config/variety/Downloaded/wallhaven_Samurai/wallhaven-95j89k.png'
INFO: 2022-12-06 20:18:57,738: prepare_thread() 'After search prepared buffer contains 21 images'
INFO: 2022-12-06 20:18:59,742: trigger_download() 'Triggering download thread to check if download needed and possible'
INFO: 2022-12-06 20:19:10,177: server_options_thread() 'Fetching server options from http://tiny.cc/variety-options-063'
INFO: 2022-12-06 20:19:13,132: server_options_thread() 'Fetched server options: {'flickr': {'min_fill_queue_interval': 1200, 'min_download_interval': 1200}, 'wallbase': {'min_fill_queue_interval': 1800, 'min_download_interval': 1800}, 'wallhaven': {'min_fill_queue_interval': 1800, 'min_download_interval': 1800}, 'wallpapers.net': {'min_fill_queue_interval': 601, 'min_download_interval': 0}, 'unsplash': {'min_fill_queue_interval': 20000000000, 'min_download_interval': 20000000000}, 'unsplash_v2': {'min_fill_queue_interval': 3600, 'min_download_interval': 1800}, 'status_message': {'0.0.1': '', '*': ''}}'
